<?xml version="1.0" encoding="UTF-8"?>
<!-- Generated by org.testng.reporters.JUnitReportReporter -->
<testsuite hostname="NaveenaBC" failures="0" tests="1" name="CRUDwithBDD.getSingle" time="2.385" errors="0" timestamp="2023-08-04T16:00:58 IST" skipped="0">
  <testcase classname="CRUDwithBDD.getSingle" name="get" time="2.385"/>
  <system-out/>
</testsuite> <!-- CRUDwithBDD.getSingle -->
