<?xml version="1.0" encoding="UTF-8"?>
<!-- Generated by org.testng.reporters.JUnitReportReporter -->
<testsuite hostname="NaveenaBC" failures="0" tests="1" name="CRUDwithBDDREc.post" time="3.980" errors="0" timestamp="2023-08-04T16:14:44 IST" skipped="0">
  <testcase classname="CRUDwithBDDREc.post" name="delete" time="3.980"/>
  <system-out/>
</testsuite> <!-- CRUDwithBDDREc.post -->
