<?xml version="1.0" encoding="UTF-8"?>
<!-- Generated by org.testng.reporters.JUnitReportReporter -->
<testsuite hostname="NaveenaBC" failures="0" tests="1" name="CRUDWITHOUTBDD.CreatProject" time="4.317" errors="0" timestamp="2023-08-04T11:13:54 IST" skipped="0">
  <testcase classname="CRUDWITHOUTBDD.CreatProject" name="postProject" time="4.317"/>
  <system-out/>
</testsuite> <!-- CRUDWITHOUTBDD.CreatProject -->
