<?xml version="1.0" encoding="UTF-8"?>
<!-- Generated by org.testng.reporters.JUnitReportReporter -->
<testsuite hostname="NaveenaBC" failures="0" tests="1" name="CRUDwithBDDREc.getAll" time="2.948" errors="0" timestamp="2023-08-04T16:19:35 IST" skipped="0">
  <testcase classname="CRUDwithBDDREc.getAll" name="get" time="2.948"/>
  <system-out/>
</testsuite> <!-- CRUDwithBDDREc.getAll -->
