<?xml version="1.0" encoding="UTF-8"?>
<!-- Generated by org.testng.reporters.JUnitReportReporter -->
<testsuite hostname="NaveenaBC" failures="0" tests="1" name="CRUDWITHOUTBDD.GetProjects" time="3.121" errors="0" timestamp="2023-08-04T11:53:57 IST" skipped="0">
  <testcase classname="CRUDWITHOUTBDD.GetProjects" name="getAll" time="3.121"/>
  <system-out/>
</testsuite> <!-- CRUDWITHOUTBDD.GetProjects -->
