<?xml version="1.0" encoding="UTF-8"?>
<!-- Generated by org.testng.reporters.JUnitReportReporter -->
<testsuite hostname="NaveenaBC" failures="0" tests="1" name="CRUDRMGYantra.creatRequest" time="3.029" errors="0" timestamp="2023-08-04T13:30:40 IST" skipped="0">
  <testcase classname="CRUDRMGYantra.creatRequest" name="creat" time="3.029"/>
  <system-out/>
</testsuite> <!-- CRUDRMGYantra.creatRequest -->
