<?xml version="1.0" encoding="UTF-8"?>
<!-- Generated by org.testng.reporters.JUnitReportReporter -->
<testsuite hostname="NaveenaBC" failures="0" tests="1" name="CRUDwithBDD.Post" time="3.072" errors="0" timestamp="2023-08-04T16:03:25 IST" skipped="0">
  <testcase classname="CRUDwithBDD.Post" name="post" time="3.072"/>
  <system-out/>
</testsuite> <!-- CRUDwithBDD.Post -->
