<?xml version="1.0" encoding="UTF-8"?>
<!-- Generated by org.testng.reporters.JUnitReportReporter -->
<testsuite hostname="NaveenaBC" failures="0" tests="1" name="CRUDWITHOUTBDD.DeleteProject" time="3.082" errors="0" timestamp="2023-08-04T12:09:37 IST" skipped="0">
  <testcase classname="CRUDWITHOUTBDD.DeleteProject" name="getAll" time="3.082"/>
  <system-out/>
</testsuite> <!-- CRUDWITHOUTBDD.DeleteProject -->
