<?xml version="1.0" encoding="UTF-8"?>
<!-- Generated by org.testng.reporters.JUnitReportReporter -->
<testsuite hostname="NaveenaBC" failures="0" tests="1" name="CRUDRMGYantra.GetAllProject" time="4.425" errors="0" timestamp="2023-08-04T13:30:12 IST" skipped="0">
  <testcase classname="CRUDRMGYantra.GetAllProject" name="get" time="4.425"/>
  <system-out/>
</testsuite> <!-- CRUDRMGYantra.GetAllProject -->
