<?xml version="1.0" encoding="UTF-8"?>
<!-- Generated by org.testng.reporters.JUnitReportReporter -->
<testsuite hostname="NaveenaBC" failures="0" tests="1" name="CRUDRMGYantra.DeleteProject" time="2.438" errors="0" timestamp="2023-08-04T12:43:44 IST" skipped="0">
  <testcase classname="CRUDRMGYantra.DeleteProject" name="get" time="2.438"/>
  <system-out/>
</testsuite> <!-- CRUDRMGYantra.DeleteProject -->
