<?xml version="1.0" encoding="UTF-8"?>
<!-- Generated by org.testng.reporters.JUnitReportReporter -->
<testsuite hostname="NaveenaBC" failures="0" tests="1" name="CRUDwithBDDREc.Update" time="3.596" errors="0" timestamp="2023-08-04T16:23:40 IST" skipped="0">
  <testcase classname="CRUDwithBDDREc.Update" name="post" time="3.596"/>
  <system-out/>
</testsuite> <!-- CRUDwithBDDREc.Update -->
