<?xml version="1.0" encoding="UTF-8"?>
<!-- Generated by org.testng.reporters.JUnitReportReporter -->
<testsuite hostname="NaveenaBC" failures="0" tests="1" name="CRUDRMGYantra.UpdateProject" time="2.847" errors="0" timestamp="2023-08-04T12:40:20 IST" skipped="0">
  <testcase classname="CRUDRMGYantra.UpdateProject" name="getsingle" time="2.847"/>
  <system-out/>
</testsuite> <!-- CRUDRMGYantra.UpdateProject -->
