<?xml version="1.0" encoding="UTF-8"?>
<!-- Generated by org.testng.reporters.JUnitReportReporter -->
<testsuite hostname="NaveenaBC" failures="0" tests="1" name="CRUDWITHOUTBDD.Updates" time="3.899" errors="0" timestamp="2023-08-04T12:06:20 IST" skipped="0">
  <testcase classname="CRUDWITHOUTBDD.Updates" name="put" time="3.899"/>
  <system-out/>
</testsuite> <!-- CRUDWITHOUTBDD.Updates -->
