<?xml version="1.0" encoding="UTF-8"?>
<!-- Generated by org.testng.reporters.JUnitReportReporter -->
<testsuite hostname="NaveenaBC" failures="0" tests="1" name="CRUDwithBDD.Get$Post" time="4.709" errors="0" timestamp="2023-08-04T15:57:57 IST" skipped="0">
  <testcase classname="CRUDwithBDD.Get$Post" name="get" time="4.709"/>
  <system-out/>
</testsuite> <!-- CRUDwithBDD.Get$Post -->
